{"message":"server on port undefined","level":"info"}
{"message":"server on port undefined","level":"info"}
{"message":"server on port undefined","level":"info"}
{"message":"server on port undefined","level":"info"}
{"message":"server on port 8000","level":"info"}
{"message":"server on port 8000","level":"info"}
{"message":"server on port 8000","level":"info"}
{"message":"server on port 8000","level":"info"}
{"message":"server on port 8000","level":"info"}
{"message":"server on port 8000","level":"info"}
{"message":"server on port 8000","level":"info"}
{"message":"server on port 8000","level":"info"}
{"message":"server on port 8000","level":"info"}
{"message":"server on port 8000","level":"info"}
{"message":"server on port 8000","level":"info"}
{"message":"server on port 8000","level":"info"}
{"message":"server on port 8000","level":"info"}
{"message":"server on port 8000","level":"info"}
{"message":"server on port 8000","level":"info"}
{"message":"server on port 8000","level":"info"}
{"message":"server on port 8000","level":"info"}
{"message":"server on port 8000","level":"info"}
{"message":"server on port 8000","level":"info"}
{"message":"server on port 8000","level":"info"}
{"message":"server on port 8000","level":"info"}
{"message":"server on port 8000","level":"info"}
{"message":"server on port 8000","level":"info"}
{"errorCode":"NOT_FOUND","message":"Err: Producto no encontrado en API Catalogo Aval.","level":"error"}
{"message":"server on port 8000","level":"info"}
{"message":"server on port 8000","level":"info"}
{"message":"server on port 8000","level":"info"}
{"errorCode":"NOT_FOUND","message":"Err: Producto no encontrado en API Catalogo Aval.","level":"error"}
{"message":"server on port 8000","level":"info"}
{"message":"server on port 8000","level":"info"}
{"message":"server on port 8000","level":"info"}
{"errorCode":"NOT_FOUND","message":"Err: User not allowed.","level":"error"}
{"message":"Queried user sebs","level":"info"}
{"message":"server on port 8000","level":"info"}
{"level":"error"}
{"message":"server on port 8000","level":"info"}
{"message":"server on port 8000","level":"info"}
{"errorCode":"NOT_FOUND","message":"Err: User not allowed.","level":"error"}
{"message":"server on port 8000","level":"info"}
{"message":"Queried user sebas","level":"info"}
{"level":"error"}
{"message":"server on port 8000","level":"info"}
{"message":"server on port 8000","level":"info"}
{"message":"server on port 8000","level":"info"}
{"message":"server on port 8000","level":"info"}
{"message":"server on port 8000","level":"info"}
{"message":"server on port 8000","level":"info"}
{"message":"server on port 8000","level":"info"}
{"level":"error"}
{"level":"error"}
{"message":"server on port 8000","level":"info"}
{"level":"error"}
{"message":"server on port 8000","level":"info"}
{"level":"error"}
{"message":"server on port 8000","level":"info"}
{"level":"error"}
{"message":"server on port 8000","level":"info"}
{"level":"error"}
{"message":"server on port 8000","level":"info"}
{"message":"server on port 8000","level":"info"}
{"level":"error"}
{"message":"server on port 8000","level":"info"}
{"message":"server on port 8000","level":"info"}
{"message":"server on port 8000","level":"info"}
{"message":"server on port 8000","level":"info"}
{"message":"server on port 8000","level":"info"}
{"message":"server on port 8000","level":"info"}
{"message":"server on port 8000","level":"info"}
{"message":"server on port 8000","level":"info"}
{"message":"server on port 8000","level":"info"}
{"message":"server on port 8000","level":"info"}
{"message":"server on port 8000","level":"info"}
{"message":"server on port 8000","level":"info"}
{"message":"server on port 8000","level":"info"}
{"message":"server on port 8000","level":"info"}
{"message":"Queried user 1036931297","level":"info"}
{"message":"server on port 8000","level":"info"}
{"message":"server on port 8000","level":"info"}
{"message":"Queried user 1036931297","level":"info"}
{"message":"server on port 8000","level":"info"}
{"message":"server on port 8000","level":"info"}
{"message":"server on port 8000","level":"info"}
{"message":"Queried user 1036931297","level":"info"}
{"message":"server on port 8000","level":"info"}
{"message":"Queried user 1036931297","level":"info"}
{"message":"Queried user 1036931297","level":"info"}
{"message":"server on port 8000","level":"info"}
{"message":"server on port 8000","level":"info"}
{"message":"Queried user 1036931297","level":"info"}
{"message":"server on port 8000","level":"info"}
{"message":"server on port 8000","level":"info"}
{"message":"Queried user 1036931297","level":"info"}
{"message":"server on port 8000","level":"info"}
{"message":"server on port 8000","level":"info"}
{"message":"Queried user 1036931297","level":"info"}
{"message":"server on port 8000","level":"info"}
{"message":"Queried user 1036931297","level":"info"}
{"message":"server on port 8000","level":"info"}
{"message":"Queried user 1036931297","level":"info"}
{"message":"server on port 8000","level":"info"}
{"level":"error"}
{"message":"server on port 8000","level":"info"}
{"message":"server on port 8000","level":"info"}
{"message":"server on port 8000","level":"info"}
{"level":"error"}
{"message":"server on port 8000","level":"info"}
{"message":"Queried user 1036931297","level":"info"}
{"message":"server on port 8000","level":"info"}
{"message":"server on port 8000","level":"info"}
{"message":"Queried user 1036931297","level":"info"}
{"errorCode":"NOT_FOUND","message":"Err: User not found.","level":"error"}
{"message":"Queried user 1036931297","level":"info"}
{"errorCode":"NOT_FOUND","message":"Err: User not found.","level":"error"}
{"errorCode":"NOT_FOUND","message":"Err: User not found.","level":"error"}
{"message":"Queried user 1036931297","level":"info"}
{"message":"server on port 8000","level":"info"}
{"message":"server on port 8000","level":"info"}
{"message":"server on port 8000","level":"info"}
{"message":"server on port 8000","level":"info"}
{"message":"server on port 8000","level":"info"}
{"message":"server on port 8000","level":"info"}
{"message":"server on port 8000","level":"info"}
{"level":"error"}
{"message":"server on port 8000","level":"info"}
{"level":"error"}
{"message":"server on port 8000","level":"info"}
{"level":"error"}
{"message":"server on port 8000","level":"info"}
{"message":"server on port 8000","level":"info"}
{"message":"server on port 8000","level":"info"}
{"message":"server on port 8000","level":"info"}
{"message":"server on port 8000","level":"info"}
{"message":"server on port 8000","level":"info"}
{"message":"server on port 8000","level":"info"}
{"message":"server on port 8000","level":"info"}
{"message":"server on port 8000","level":"info"}
{"message":"server on port 8000","level":"info"}
{"level":"error"}
{"message":"server on port 8000","level":"info"}
{"message":"server on port 8000","level":"info"}
{"message":"server on port 8000","level":"info"}
{"message":"server on port 8000","level":"info"}
{"message":"server on port 8000","level":"info"}
{"message":"server on port 8000","level":"info"}
{"message":"server on port 8000","level":"info"}
{"message":"server on port 8000","level":"info"}
{"errorCode":"BUSINESS_ERROR","message":"Err: User not created in MongoDB.","level":"error"}
{"message":"server on port 8000","level":"info"}
{"errorCode":"BUSINESS_ERROR","message":"Err: User not created in MongoDB.","level":"error"}
{"message":"server on port 8000","level":"info"}
{"errorCode":"BUSINESS_ERROR","message":"Err: User not created in MongoDB.","level":"error"}
{"message":"server on port 8000","level":"info"}
{"message":"server on port 8000","level":"info"}
{"message":"server on port 8000","level":"info"}
{"message":"server on port 8000","level":"info"}
{"message":"server on port 8000","level":"info"}
{"message":"server on port 8000","level":"info"}
{"message":"server on port 8000","level":"info"}
{"message":"server on port 8000","level":"info"}
{"errorCode":"BUSINESS_ERROR","message":"Err: User not created in MongoDB.","level":"error"}
{"message":"server on port 8000","level":"info"}
{"message":"Err: User not created in MongoDB.","level":"error"}
{"message":"server on port 8000","level":"info"}
{"message":"Err: User not created in MongoDB.","level":"error"}
{"message":"server on port 8000","level":"info"}
{"errorCode":"BUSINESS_ERROR","message":"Err: User not created in MongoDB.","level":"error"}
{"message":"server on port 8000","level":"info"}
{"errorCode":"BAD_REQUEST","message":"Err: User not created in MongoDB.","level":"error"}
{"message":"server on port 8000","level":"info"}
{"errorCode":"NOT_FOUND","message":"Err: User not found.","level":"error"}
{"message":"Queried user 930327075589","level":"info"}
{"message":"server on port 8000","level":"info"}
{"message":"server on port 8000","level":"info"}
{"message":"server on port 8000","level":"info"}
{"message":"Queried user 1036931297","level":"info"}
{"errorCode":"NOT_FOUND","message":"Err: User not found.","level":"error"}
{"message":"Queried user 930327075589","level":"info"}
{"message":"Queried user 1036931297","level":"info"}
{"message":"Queried user 930327075589","level":"info"}
{"message":"server on port 8000","level":"info"}
{"message":"Queried user 930327075589","level":"info"}
{"errorCode":"NOT_FOUND","message":"Err: User not found.","level":"error"}
{"message":"server on port 8000","level":"info"}
{"errorCode":"NOT_FOUND","message":"Err: User not found.","level":"error"}
{"message":"Queried user 930327075589","level":"info"}
{"message":"server on port 8000","level":"info"}
{"message":"Queried user 930327075589","level":"info"}
{"message":"Queried user 930327075589","level":"info"}
{"message":"Queried user 930327075589","level":"info"}
{"errorCode":"NOT_FOUND","message":"Err: User not found.","level":"error"}
{"message":"server on port 8000","level":"info"}
{"errorCode":"BAD_REQUEST","message":"Err: User not created in MongoDB.","level":"error"}
{"message":"server on port 8000","level":"info"}
{"message":"server on port 8000","level":"info"}
{"errorCode":"NOT_FOUND","message":"Err: User not found.","level":"error"}
{"errorCode":"NOT_FOUND","message":"Err: User not found.","level":"error"}
{"errorCode":"NOT_FOUND","message":"Err: User not found.","level":"error"}
{"errorCode":"NOT_FOUND","message":"Err: User not found.","level":"error"}
{"message":"Queried user 930327075589","level":"info"}
{"message":"server on port 8000","level":"info"}
{"errorCode":"NOT_FOUND","message":"Err: User not found.","level":"error"}
{"errorCode":"NOT_FOUND","message":"Err: User not found.","level":"error"}
{"message":"Queried user 930327075589","level":"info"}
{"message":"server on port 8000","level":"info"}
{"level":"error"}
{"message":"server on port 8000","level":"info"}
{"message":"Queried user 930327075589","level":"info"}
{"message":"server on port 8000","level":"info"}
{"message":"Queried user 930327075589","level":"info"}
{"message":"Queried user 1036931297","level":"info"}
{"message":"Queried user 930327075589","level":"info"}
{"message":"server on port 8000","level":"info"}
{"message":"server on port 8000","level":"info"}
{"message":"server on port 8000","level":"info"}
{"message":"Queried user undefined","level":"info"}
{"message":"server on port 8000","level":"info"}
{"message":"Queried user undefined","level":"info"}
{"message":"Queried user undefined","level":"info"}
{"message":"server on port 8000","level":"info"}
{"message":"server on port 8000","level":"info"}
{"message":"Queried user undefined","level":"info"}
{"message":"Queried user undefined","level":"info"}
{"message":"server on port 8000","level":"info"}
{"message":"Queried user undefined","level":"info"}
{"message":"server on port 8000","level":"info"}
{"message":"Queried user undefined","level":"info"}
{"message":"Queried user undefined","level":"info"}
{"message":"server on port 8000","level":"info"}
{"message":"Queried user undefined","level":"info"}
{"message":"server on port 8000","level":"info"}
{"message":"server on port 8000","level":"info"}
{"message":"server on port 8000","level":"info"}
{"message":"server on port 8000","level":"info"}
{"message":"server on port 8000","level":"info"}
{"message":"server on port 8000","level":"info"}
{"message":"server on port 8000","level":"info"}
{"message":"server on port 8000","level":"info"}
{"message":"server on port 8000","level":"info"}
{"message":"server on port 8000","level":"info"}
{"errorCode":"NOT_FOUND","message":"Err: Collaborator not found.","level":"error"}
{"errorCode":"NOT_FOUND","message":"Err: Collaborator not found.","level":"error"}
{"message":"Queried user undefined","level":"info"}
{"errorCode":"NOT_FOUND","message":"Err: Collaborator not found.","level":"error"}
{"errorCode":"NOT_FOUND","message":"Err: Collaborator not found.","level":"error"}
{"message":"Queried user undefined","level":"info"}
{"message":"Queried user undefined","level":"info"}
{"message":"Queried user undefined","level":"info"}
{"errorCode":"NOT_FOUND","message":"Err: Collaborator not found.","level":"error"}
{"message":"server on port 8000","level":"info"}
{"errorCode":"BAD_REQUEST","message":"Err: Collaborator not deleted in MongoDB.","level":"error"}
{"level":"error"}
{"message":"server on port 8000","level":"info"}
{"message":"server on port 8000","level":"info"}
{"message":"server on port 8000","level":"info"}
{"errorCode":"BAD_REQUEST","message":"Err: Collaborator not deleted in MongoDB.","level":"error"}
{"level":"error"}
{"message":"server on port 8000","level":"info"}
{"message":"server on port 8000","level":"info"}
{"message":"server on port 8000","level":"info"}
{"message":"server on port 8000","level":"info"}
{"message":"server on port 8000","level":"info"}
{"message":"server on port 8000","level":"info"}
{"message":"server on port 8000","level":"info"}
{"message":"server on port 8000","level":"info"}
{"message":"server on port 8000","level":"info"}
{"errorCode":"NOT_FOUND","message":"Err: Collaborator not deleted in MongoDB because wasn't found.","level":"error"}
{"errorCode":"NOT_FOUND","message":"Err: Collaborator not deleted in MongoDB because wasn't found.","level":"error"}
{"message":"server on port 8000","level":"info"}
{"message":"server on port 8000","level":"info"}
{"message":"server on port 8000","level":"info"}
{"message":"server on port 8000","level":"info"}
{"errorCode":"NOT_FOUND","message":"Err: Collaborator not deleted in MongoDB because wasn't found.","level":"error"}
{"errorCode":"NOT_FOUND","message":"Err: Collaborator not deleted in MongoDB because wasn't found.","level":"error"}
{"message":"server on port 8000","level":"info"}
{"message":"server on port 8000","level":"info"}
{"message":"server on port 8000","level":"info"}
{"errorCode":"NOT_FOUND","message":"Err: Collaborator not deleted in MongoDB because wasn't found.","level":"error"}
{"errorCode":"NOT_FOUND","message":"Err: Collaborator not deleted in MongoDB because wasn't found.","level":"error"}
{"message":"Queried user undefined","level":"info"}
{"message":"server on port 8000","level":"info"}
{"message":"Queried user undefined","level":"info"}
{"errorCode":"NOT_FOUND","message":"Err: Collaborator not found.","level":"error"}
{"message":"Queried user undefined","level":"info"}
{"errorCode":"NOT_FOUND","message":"Err: Collaborator not found.","level":"error"}
{"message":"Queried user undefined","level":"info"}
{"errorCode":"NOT_FOUND","message":"Err: Collaborator not found.","level":"error"}
{"errorCode":"NOT_FOUND","message":"Err: Collaborator not deleted in MongoDB because wasn't found.","level":"error"}
{"message":"server on port 8000","level":"info"}
{"message":"server on port 8000","level":"info"}
{"message":"server on port 8000","level":"info"}
{"errorCode":"NOT_FOUND","message":"Err: Collaborator not deleted in MongoDB because wasn't found.","level":"error"}
{"message":"server on port 8000","level":"info"}
{"message":"Queried user undefined","level":"info"}
{"message":"Queried user undefined","level":"info"}
{"errorCode":"NOT_FOUND","message":"Err: Collaborator not deleted in MongoDB because wasn't found.","level":"error"}
{"message":"server on port 8000","level":"info"}
{"message":"Collaborator created: 2222","level":"info"}
{"message":"Queried collaborator: 2222","level":"info"}
{"message":"deleted collaborator: 2222","level":"info"}
{"message":"server on port 6666","level":"info"}
{"message":"Queried collaborator: 2222","level":"info"}
{"message":"deleted collaborator: 2222","level":"info"}
{"errorCode":"NOT_FOUND","message":"Err: Collaborator not deleted in MongoDB because wasn't found.","level":"error"}
{"errorCode":"NOT_FOUND","message":"Err: Collaborator not found.","level":"error"}
{"errorCode":"NOT_FOUND","message":"Err: Collaborator not found.","level":"error"}
{"errorCode":"NOT_FOUND","message":"Err: Collaborator not deleted in MongoDB because wasn't found.","level":"error"}
{"errorCode":"NOT_FOUND","message":"Err: Collaborator not deleted in MongoDB because wasn't found.","level":"error"}
{"errorCode":"NOT_FOUND","message":"Err: Collaborator not deleted in MongoDB because wasn't found.","level":"error"}
{"errorCode":"NOT_FOUND","message":"Err: Collaborator not deleted in MongoDB because wasn't found.","level":"error"}
{"message":"server on port 3000","level":"info"}
{"message":"server on port 3000","level":"info"}
{"message":"server on port 3000","level":"info"}
{"message":"server on port 3000","level":"info"}
{"message":"server on port 3000","level":"info"}
{"level":"error"}
{"message":"server on port 3000","level":"info"}
{"errorCode":"NOT_FOUND","message":"Err: Collaborator not found.","level":"error"}
{"errorCode":"NOT_FOUND","message":"Err: Collaborator not found.","level":"error"}
{"message":"server on port 3000","level":"info"}
{"errorCode":"NOT_FOUND","message":"Err: Collaborator not found.","level":"error"}
{"errorCode":"NOT_FOUND","message":"Err: Collaborator not found.","level":"error"}
{"errorCode":"NOT_FOUND","message":"Err: Collaborator not found.","level":"error"}
{"message":"server on port 3000","level":"info"}
{"message":"server on port 3000","level":"info"}
{"errorCode":"NOT_FOUND","message":"Err: Collaborator not found.","level":"error"}
{"errorCode":"NOT_FOUND","message":"Err: Collaborator not found.","level":"error"}
{"errorCode":"NOT_FOUND","message":"Err: Collaborator not found.","level":"error"}
{"errorCode":"NOT_FOUND","message":"Err: Collaborator not found.","level":"error"}
{"message":"server on port 3000","level":"info"}
{"errorCode":"NOT_FOUND","message":"Err: Collaborator not found.","level":"error"}
{"message":"server on port 3000","level":"info"}
{"errorCode":"NOT_FOUND","message":"Err: Collaborator not found.","level":"error"}
{"message":"server on port 3000","level":"info"}
{"errorCode":"NOT_FOUND","message":"Err: Collaborator not found.","level":"error"}
{"message":"server on port 3000","level":"info"}
{"errorCode":"NOT_FOUND","message":"Err: Collaborator not found.","level":"error"}
{"message":"server on port 3000","level":"info"}
{"errorCode":"NOT_FOUND","message":"Err: Collaborator not found.","level":"error"}
{"message":"server on port 3000","level":"info"}
{"level":"error"}
{"message":"server on port 3000","level":"info"}
{"message":"Queried user: sebastian","level":"info"}
{"message":"Queried user: sebastian","level":"info"}
{"message":"server on port 3000","level":"info"}
{"message":"Queried user: sebastian","level":"info"}
{"message":"server on port 3000","level":"info"}
{"message":"Queried user: sebastian","level":"info"}
{"message":"server on port 3000","level":"info"}
{"message":"Queried user: sebastian","level":"info"}
{"message":"server on port 3000","level":"info"}
{"message":"server on port 3000","level":"info"}
{"message":"server on port 3000","level":"info"}
{"message":"Queried user: sebastian","level":"info"}
{"message":"server on port 3000","level":"info"}
{"message":"Queried user: sebastian","level":"info"}
{"message":"server on port 3000","level":"info"}
{"message":"Queried user: sebastian","level":"info"}
{"message":"server on port 3000","level":"info"}
{"message":"Queried user: sebastian","level":"info"}
{"message":"server on port 3000","level":"info"}
{"level":"error"}
{"message":"server on port 3000","level":"info"}
{"message":"Queried user: sebastian","level":"info"}
{"message":"server on port 3000","level":"info"}
{"message":"server on port 3000","level":"info"}
{"message":"server on port 3000","level":"info"}
{"message":"server on port 3000","level":"info"}
{"message":"server on port 3000","level":"info"}
{"message":"server on port 3000","level":"info"}
{"message":"server on port 3000","level":"info"}
{"message":"server on port 3000","level":"info"}
{"message":"server on port 3000","level":"info"}
{"message":"server on port 3000","level":"info"}
{"message":"server on port 3000","level":"info"}
{"message":"server on port 3000","level":"info"}
{"message":"server on port 3000","level":"info"}
{"message":"server on port 3000","level":"info"}
{"message":"server on port 3000","level":"info"}
{"level":"error"}
{"message":"server on port 3000","level":"info"}
{"message":"server on port 3000","level":"info"}
{"message":"server on port 3000","level":"info"}
{"message":"server on port 3000","level":"info"}
{"message":"server on port 3000","level":"info"}
{"message":"server on port 3000","level":"info"}
{"message":"server on port 3000","level":"info"}
{"message":"server on port 3000","level":"info"}
{"message":"server on port 3000","level":"info"}
{"message":"server on port 3000","level":"info"}
{"message":"server on port 3000","level":"info"}
{"message":"server on port 3000","level":"info"}
{"message":"server on port 3000","level":"info"}
{"message":"server on port 3000","level":"info"}
{"message":"server on port 3000","level":"info"}
{"message":"server on port 3000","level":"info"}
{"message":"server on port 3000","level":"info"}
{"message":"server on port 3000","level":"info"}
{"message":"server on port 3000","level":"info"}
{"message":"server on port 3000","level":"info"}
{"message":"server on port 3000","level":"info"}
{"message":"server on port 3000","level":"info"}
{"message":"server on port 3000","level":"info"}
{"message":"server on port 3000","level":"info"}
{"message":"server on port 3000","level":"info"}
{"message":"server on port 3000","level":"info"}
{"message":"server on port 3000","level":"info"}
{"message":"server on port 3000","level":"info"}
{"message":"server on port 3000","level":"info"}
{"message":"server on port 3000","level":"info"}
{"message":"server on port 3000","level":"info"}
{"message":"Queried user: cristian","level":"info"}
{"message":"Queried user: Cristian","level":"info"}
{"message":"server on port 3000","level":"info"}
{"message":"server on port 3000","level":"info"}
{"message":"Queried user: Cristian","level":"info"}
{"message":"server on port 3000","level":"info"}
{"message":"server on port 3000","level":"info"}
{"message":"server on port 3000","level":"info"}
{"message":"Queried user: Cristian","level":"info"}
{"message":"server on port 3000","level":"info"}
{"message":"Queried user: Cristian","level":"info"}
{"message":"server on port 3000","level":"info"}
{"message":"server on port 3000","level":"info"}
{"message":"server on port 3000","level":"info"}
{"message":"server on port 3000","level":"info"}
{"message":"server on port 3000","level":"info"}
{"message":"server on port 3000","level":"info"}
{"message":"server on port 3000","level":"info"}
{"message":"Collaborator created: Prueba","level":"info"}
{"message":"Queried user: Cristian","level":"info"}
{"message":"Queried user: Prueba","level":"info"}
{"message":"server on port 3000","level":"info"}
{"message":"server on port 3000","level":"info"}
{"message":"Queried user: Prueba","level":"info"}
{"message":"server on port 3000","level":"info"}
{"message":"Queried user: Prueba","level":"info"}
{"message":"Queried user: asd","level":"info"}
{"message":"server on port 3000","level":"info"}
{"errorCode":"NOT_FOUND","message":"Err: User not found.","level":"error"}
{"message":"Queried user: Cristian","level":"info"}
{"message":"server on port 3000","level":"info"}
{"message":"server on port 3000","level":"info"}
{"message":"server on port 3000","level":"info"}
{"message":"server on port 3000","level":"info"}
{"message":"server on port 3000","level":"info"}
{"message":"server on port 3000","level":"info"}
{"message":"server on port 3000","level":"info"}
{"level":"error"}
{"message":"server on port 3000","level":"info"}
{"message":"server on port 3000","level":"info"}
{"level":"error"}
{"message":"server on port 3000","level":"info"}
{"message":"server on port 3000","level":"info"}
{"message":"server on port 3000","level":"info"}
{"message":"Queried user: undefined","level":"info"}
{"message":"server on port 3000","level":"info"}
{"message":"Queried user: undefined","level":"info"}
{"message":"server on port 3000","level":"info"}
{"level":"error"}
{"message":"server on port 3000","level":"info"}
{"level":"error"}
{"message":"server on port 3000","level":"info"}
{"message":"server on port 3000","level":"info"}
{"message":"server on port 3000","level":"info"}
{"message":"server on port 3000","level":"info"}
{"message":"server on port 3000","level":"info"}
{"message":"server on port 3000","level":"info"}
{"level":"error"}
{"message":"server on port 3000","level":"info"}
{"message":"server on port 3000","level":"info"}
{"message":"server on port 3000","level":"info"}
{"message":"server on port 3000","level":"info"}
{"message":"server on port 3000","level":"info"}
{"message":"server on port 3000","level":"info"}
{"message":"server on port 3000","level":"info"}
{"message":"server on port 3000","level":"info"}
{"message":"server on port 3000","level":"info"}
{"level":"error"}
{"message":"server on port 3000","level":"info"}
{"level":"error"}
{"message":"server on port 3000","level":"info"}
{"errorCode":"NOT_FOUND","message":"Err: Collaborator not found.","level":"error"}
{"message":"server on port 3000","level":"info"}
{"level":"error"}
{"message":"server on port 3000","level":"info"}
{"message":"server on port 3000","level":"info"}
{"message":"server on port 3000","level":"info"}
{"message":"server on port 3000","level":"info"}
{"message":"server on port 3000","level":"info"}
{"message":"Token created for: Prueba","level":"info"}
{"message":"server on port 3000","level":"info"}
{"message":"server on port 3000","level":"info"}
{"message":"server on port 3000","level":"info"}
{"message":"server on port 3000","level":"info"}
{"message":"Token created for: Prueba","level":"info"}
{"message":"server on port 3000","level":"info"}
{"message":"server on port 3000","level":"info"}
{"message":"server on port 3000","level":"info"}
{"message":"server on port 3000","level":"info"}
{"message":"server on port 3000","level":"info"}
{"message":"server on port 3000","level":"info"}
{"message":"Token created for: Prueba","level":"info"}
{"message":"Token created for: Prueba","level":"info"}
{"level":"error"}
{"message":"server on port 3000","level":"info"}
{"message":"Delete token: bd76bb54-9f8f-454e-a30a-beaf93684a95","level":"info"}
{"errorCode":"NOT_FOUND","message":"Err: User not found for logging out.","level":"error"}
{"message":"server on port 3000","level":"info"}
{"message":"server on port 3000","level":"info"}
{"message":"server on port 3000","level":"info"}
{"message":"server on port 3000","level":"info"}
{"message":"server on port 3000","level":"info"}
{"message":"server on port 3000","level":"info"}
{"message":"server on port 3000","level":"info"}
{"message":"server on port 3000","level":"info"}
{"message":"server on port 3000","level":"info"}
{"message":"server on port 3000","level":"info"}
{"message":"server on port 3000","level":"info"}
{"message":"server on port 3000","level":"info"}
{"message":"server on port 3000","level":"info"}
{"message":"server on port 3000","level":"info"}
{"message":"server on port 3000","level":"info"}
{"message":"server on port 3000","level":"info"}
{"message":"server on port 3000","level":"info"}
{"message":"server on port 3000","level":"info"}
{"message":"server on port 3000","level":"info"}
{"message":"server on port 3000","level":"info"}
{"message":"server on port 3000","level":"info"}
{"message":"server on port 3000","level":"info"}
{"message":"server on port 3000","level":"info"}
{"message":"server on port 3000","level":"info"}
{"message":"server on port 3000","level":"info"}
{"message":"server on port 3000","level":"info"}
{"message":"server on port 3000","level":"info"}
{"message":"server on port 3000","level":"info"}
{"message":"server on port 3000","level":"info"}
{"message":"server on port 3000","level":"info"}
{"message":"server on port 3000","level":"info"}
{"message":"server on port 3000","level":"info"}
{"message":"server on port 3000","level":"info"}
{"message":"server on port 3000","level":"info"}
{"message":"server on port 3000","level":"info"}
{"level":"error"}
{"message":"server on port 3000","level":"info"}
{"message":"server on port 3000","level":"info"}
{"message":"server on port 3000","level":"info"}
{"message":"Token created for: Prueba","level":"info"}
{"message":"server on port 3000","level":"info"}
{"message":"server on port 3000","level":"info"}
{"message":"server on port 3000","level":"info"}
{"errorCode":"NOT_FOUND","message":"Err: Restaurants not found.","level":"error"}
{"message":"server on port 3000","level":"info"}
{"message":"server on port 3000","level":"info"}
{"message":"server on port 3000","level":"info"}
{"errorCode":"NOT_FOUND","message":"Err: Collaborator not found.","level":"error"}
{"message":"server on port 3000","level":"info"}
{"message":"server on port 3000","level":"info"}
{"level":"error"}
{"message":"server on port 3000","level":"info"}
{"level":"error"}
{"level":"error"}
{"message":"server on port 3000","level":"info"}
{"level":"error"}
{"message":"server on port 3000","level":"info"}
{"level":"error"}
{"message":"server on port 3000","level":"info"}
{"message":"server on port 3000","level":"info"}
{"message":"server on port 3000","level":"info"}
{"message":"server on port 3000","level":"info"}
{"message":"server on port 3000","level":"info"}
{"message":"server on port 3000","level":"info"}
{"message":"server on port 3000","level":"info"}
{"message":"server on port 3000","level":"info"}
{"message":"server on port 3000","level":"info"}
{"message":"server on port 3000","level":"info"}
{"message":"server on port 3000","level":"info"}
{"message":"server on port 3000","level":"info"}
{"message":"server on port 3000","level":"info"}
{"message":"server on port 3000","level":"info"}
{"errorCode":"NO_AUTHORIZED","message":"Err: User can't acces this resource maybe token expired.","level":"error"}
{"message":"server on port 3000","level":"info"}
{"errorCode":"NO_AUTHORIZED","message":"Err: User can't acces this resource maybe token expired.","level":"error"}
{"errorCode":"NOT_FOUND","message":"Err: User doesn't have any transactions.","level":"error"}
{"message":"server on port 3000","level":"info"}
{"level":"error"}
{"message":"server on port 3000","level":"info"}
{"errorCode":"NO_AUTHORIZED","message":"Err: User can't acces this resource maybe token expired.","level":"error"}
{"level":"error"}
{"message":"server on port 3000","level":"info"}
{"level":"error"}
{"message":"server on port 3000","level":"info"}
{"errorCode":"NO_AUTHORIZED","message":"Err: User can't acces this resource maybe token expired.","level":"error"}
{"message":"server on port 3000","level":"info"}
{"message":"server on port 3000","level":"info"}
{"message":"server on port 3000","level":"info"}
{"message":"server on port 3000","level":"info"}
{"message":"server on port 3000","level":"info"}
{"message":"server on port 3000","level":"info"}
{"message":"server on port 3000","level":"info"}
{"errorCode":"BAD_REQUEST","message":"Err: User not logged out maybe token expired.","level":"error"}
{"message":"Delete token: 0c70ffda-b1aa-48a7-89b0-d87606e26a77","level":"info"}
{"message":"server on port 3000","level":"info"}
{"message":"server on port 3000","level":"info"}
{"message":"server on port 3000","level":"info"}
{"errorCode":"NOT_FOUND","message":"Err: Collaborator not found.","level":"error"}
{"message":"Collaborator created: Prueba","level":"info"}
{"message":"Token created for: Prueba","level":"info"}
{"errorCode":"NO_AUTHORIZED","message":"Err: User can't acces this resource maybe token expired.","level":"error"}
{"message":"city queried: Chicago","level":"info"}
{"errorCode":"BAD_REQUEST","message":"Err: User not logged out maybe token expired.","level":"error"}
{"errorCode":"BAD_REQUEST","message":"Err: User not logged out maybe token expired.","level":"error"}
{"errorCode":"BAD_REQUEST","message":"Err: User not logged out maybe token expired.","level":"error"}
{"message":"city queried: Chicago","level":"info"}
{"errorCode":"BAD_REQUEST","message":"Err: User not logged out maybe token expired.","level":"error"}
{"message":"Delete token: d0cab540-b0d4-4290-945c-83aa46c50479","level":"info"}
{"errorCode":"BAD_REQUEST","message":"Err: User not logged out maybe token expired.","level":"error"}
{"message":"Token created for: Prueba","level":"info"}
{"message":"Transaction for: dda610cc-8515-4f19-8b70-ad791345eae2","level":"info"}
{"errorCode":"NOT_FOUND","message":"Err: User doesn't have any transactions.","level":"error"}
{"message":"server on port 3000","level":"info"}
{"message":"Collaborator created: Prueba","level":"info"}
{"message":"Token created for: Prueba","level":"info"}
{"message":"city queried: Chicago","level":"info"}
{"message":"city queried: Chicago","level":"info"}
{"message":"city queried: Chicago","level":"info"}
{"message":"city queried: Chicago","level":"info"}
{"message":"Transaction for: 81a06fcb-e2e0-419c-b561-aba36c96e739","level":"info"}
{"message":"Collaborator created: Prueba","level":"info"}
{"message":"Token created for: Prueba","level":"info"}
{"message":"Delete token: d3e714a9-6615-4b73-b51c-05e2397a2ff0","level":"info"}
{"message":"server on port 3000","level":"info"}
{"message":"Token created for: Prueba","level":"info"}
{"message":"server on port 3000","level":"info"}
{"message":"server on port 3000","level":"info"}
{"errorCode":"BAD_REQUEST","message":"Err: User not created in MongoDB or could already exist.","level":"error"}
{"message":"Collaborator created: Prueb1a","level":"info"}
{"errorCode":"BAD_REQUEST","message":"Err: User not created in MongoDB or could already exist.","level":"error"}
{"message":"Token created for: Prueba","level":"info"}
{"message":"city queried: Chicago","level":"info"}
{"errorCode":"NO_AUTHORIZED","message":"Err: User can't acces this resource maybe token expired.","level":"error"}
{"errorCode":"NO_AUTHORIZED","message":"Err: User can't acces this resource maybe token expired.","level":"error"}
{"errorCode":"NO_AUTHORIZED","message":"Err: User can't acces this resource maybe token expired.","level":"error"}
{"errorCode":"NO_AUTHORIZED","message":"Err: User can't acces this resource maybe token expired.","level":"error"}
{"errorCode":"BAD_REQUEST","message":"Err: User not logged out maybe token expired.","level":"error"}
{"message":"Transaction for: 6d1dc5a3-50cc-4b40-bedf-80b212d8869f","level":"info"}
{"message":"server on port 3000","level":"info"}
{"message":"Transaction for: 6d1dc5a3-50cc-4b40-bedf-80b212d8869f","level":"info"}
{"message":"server on port 3000","level":"info"}
{"message":"Transaction for: 6d1dc5a3-50cc-4b40-bedf-80b212d8869f","level":"info"}
{"errorCode":"NO_AUTHORIZED","message":"Err: User can't acces this resource maybe token expired.","level":"error"}
{"errorCode":"NO_AUTHORIZED","message":"Err: User can't acces this resource maybe token expired.","level":"error"}
{"errorCode":"NOT_FOUND","message":"Err: User doesn't have any transactions.","level":"error"}
{"message":"server on port 3000","level":"info"}
